<testsuites>
  <testsuite name="nSNMP.InteropTests.dll" tests="13" skipped="0" failures="0" errors="0" time="1.0421126" timestamp="2025-09-27T19:48:19" hostname="tigger" id="0" package="nSNMP.InteropTests.dll">
    <properties />
    <testcase classname="nSNMP.InteropTests.BasicInteropTests" name="ErrorHandling_ShouldBeGraceful" time="0.0029289" />
    <testcase classname="nSNMP.InteropTests.BasicInteropTests" name="CommunityStrings_ShouldBeHandled" time="0.0084376" />
    <testcase classname="nSNMP.InteropTests.BasicInteropTests" name="SnmpRequest_Timeout_ShouldWork" time="1.0236698" />
    <testcase classname="nSNMP.InteropTests.BasicInteropTests" name="OidValidation_ShouldFollowStandards" time="0.0002880" />
    <testcase classname="nSNMP.InteropTests.BasicInteropTests" name="SnmpDataTypes_Creation_ShouldWork" time="0.0055024" />
    <testcase classname="nSNMP.InteropTests.BasicInteropTests" name="StandardMibOids_ShouldBeValid" time="0.0001589" />
    <testcase classname="nSNMP.InteropTests.BasicInteropTests" name="SnmpVersions_ShouldBeSupported" time="0.0002380" />
    <testcase classname="nSNMP.InteropTests.BasicInteropTests" name="SnmpClient_Creation_ShouldWork" time="0.0001431" />
    <testcase classname="nSNMP.InteropTests.BasicInteropTests" name="ClientEndpoints_ShouldBeConfigurable(address: &quot;::1&quot;, port: 161)" time="0.0001945" />
    <testcase classname="nSNMP.InteropTests.BasicInteropTests" name="ClientEndpoints_ShouldBeConfigurable(address: &quot;127.0.0.1&quot;, port: 161)" time="0.0001600" />
    <testcase classname="nSNMP.InteropTests.BasicInteropTests" name="ClientEndpoints_ShouldBeConfigurable(address: &quot;192.168.1.1&quot;, port: 161)" time="0.0000427" />
    <testcase classname="nSNMP.InteropTests.BasicInteropTests" name="DataTypeEncoding_ShouldProduceValidAsn1" time="0.0002788" />
    <testcase classname="nSNMP.InteropTests.BasicInteropTests" name="ObjectIdentifier_StandardFormats_ShouldBeValid" time="0.0000699" />
    <system-out>
Test Framework Informational Messages:
[xUnit.net 00:00:00.00] xUnit.net VSTest Adapter v2.8.2+699d445a1a (64-bit .NET 9.0.9)
[xUnit.net 00:00:00.25]   Discovering: nSNMP.InteropTests
[xUnit.net 00:00:00.34]   Discovered:  nSNMP.InteropTests
[xUnit.net 00:00:00.34]   Starting:    nSNMP.InteropTests
UDP receive error: You must call the Bind method before performing this operation.
UDP receive error: You must call the Bind method before performing this operation.
UDP receive error: You must call the Bind method before performing this operation.
UDP receive error: You must call the Bind method before performing this operation.
UDP receive error: You must call the Bind method before performing this operation.
[xUnit.net 00:00:01.44]   Finished:    nSNMP.InteropTests
</system-out>
    <system-err></system-err>
  </testsuite>
</testsuites>