<testsuites>
  <testsuite name="nSNMP.SMI.Tests.dll" tests="93" skipped="0" failures="0" errors="0" time="0.11212219999999998" timestamp="2025-09-27T19:48:19" hostname="tigger" id="0" package="nSNMP.SMI.Tests.dll">
    <properties />
    <testcase classname="nSNMP.SMI.Tests.BERSerializationTests" name="Integer_RoundTrip_Works" time="0.0068337" />
    <testcase classname="nSNMP.SMI.Tests.IntegerTests" name="CanParseZero" time="0.0072110" />
    <testcase classname="nSNMP.SMI.Tests.BERSerializationTests" name="Null_RoundTrip_Works" time="0.0003352" />
    <testcase classname="nSNMP.SMI.Tests.IntegerTests" name="CanParse1024" time="0.0003360" />
    <testcase classname="nSNMP.SMI.Tests.IntegerTests" name="CanCreateIntegerFromLargeInt" time="0.0001610" />
    <testcase classname="nSNMP.SMI.Tests.IntegerTests" name="CanParseNegativeEight" time="0.0000793" />
    <testcase classname="nSNMP.SMI.Tests.IntegerTests" name="CanCreateIntegerFromNegativeInt" time="0.0000544" />
    <testcase classname="nSNMP.SMI.Tests.BERParserTests" name="CanParseLongFormLength" time="0.0003809" />
    <testcase classname="nSNMP.SMI.Tests.IntegerTests" name="CanParseNegativeTwo" time="0.0000745" />
    <testcase classname="nSNMP.SMI.Tests.IntegerTests" name="CanCreateIntegerFromInt" time="0.0000521" />
    <testcase classname="nSNMP.SMI.Tests.BERParserTests" name="CanParseShortFormLength" time="0.0002041" />
    <testcase classname="nSNMP.SMI.Tests.IntegerTests" name="CanParseSixteen" time="0.0000667" />
    <testcase classname="nSNMP.SMI.Tests.BERSerializationTests" name="SetRequest_RoundTrip_Works" time="0.0018141" />
    <testcase classname="nSNMP.SMI.Tests.BERSerializationTests" name="Integer_NegativeValue_RoundTrip_Works" time="0.0000387" />
    <testcase classname="nSNMP.SMI.Tests.BERSerializationTests" name="OctetString_EmptyString_RoundTrip_Works" time="0.0002286" />
    <testcase classname="nSNMP.SMI.Tests.BERParserTests" name="CanParseBerTypeInteger" time="0.0012711" />
    <testcase classname="nSNMP.SMI.Tests.BERParserTests" name="CanParseBerTypeOctetString" time="0.0001310" />
    <testcase classname="nSNMP.SMI.Tests.BERParserTests" name="CanParseBerTypeSequence" time="0.0000385" />
    <testcase classname="nSNMP.SMI.Tests.SetRequestTests" name="SetRequestCreate_ReturnsCorrectInstance" time="0.0116151" />
    <testcase classname="nSNMP.SMI.Tests.SetRequestTests" name="CanCreateSetRequest" time="0.0000544" />
    <testcase classname="nSNMP.SMI.Tests.SetRequestTests" name="CanParseSetRequestPDU" time="0.0000837" />
    <testcase classname="nSNMP.SMI.Tests.ObjectIdentifierValidationTests" name="CreateFromString_ThrowsOnNull" time="0.0009914" />
    <testcase classname="nSNMP.SMI.Tests.ObjectIdentifierValidationTests" name="Create_ThrowsOnSingleElementArray" time="0.0001728" />
    <testcase classname="nSNMP.SMI.Tests.ObjectIdentifierValidationTests" name="Create_SucceedsWithMultipleElements" time="0.0001164" />
    <testcase classname="nSNMP.SMI.Tests.ObjectIdentifierValidationTests" name="CreateFromString_ParsesDottedNotation" time="0.0000568" />
    <testcase classname="nSNMP.SMI.Tests.ObjectIdentifierValidationTests" name="ToString_ReturnsCorrectDottedNotation" time="0.0001454" />
    <testcase classname="nSNMP.SMI.Tests.ObjectIdentifierValidationTests" name="Create_ThrowsOnNullArray" time="0.0000658" />
    <testcase classname="nSNMP.SMI.Tests.ObjectIdentifierValidationTests" name="Create_ThrowsOnEmptyArray" time="0.0000727" />
    <testcase classname="nSNMP.SMI.Tests.ObjectIdentifierValidationTests" name="CreateFromString_HandlesLeadingDot" time="0.0000392" />
    <testcase classname="nSNMP.SMI.Tests.ObjectIdentifierEnhancedTests" name="LexicographicSorting_WorksAsExpected" time="0.0023673" />
    <testcase classname="nSNMP.SMI.Tests.ObjectIdentifierTests" name="CanDecodeObjectIdentifierWithMaxValueSegment" time="0.0008117" />
    <testcase classname="nSNMP.SMI.Tests.ObjectIdentifierEnhancedTests" name="ComparisonOperators_Work" time="0.0006981" />
    <testcase classname="nSNMP.SMI.Tests.ObjectIdentifierValidationTests" name="Create_SucceedsWithTwoElements" time="0.0012064" />
    <testcase classname="nSNMP.SMI.Tests.ObjectIdentifierEnhancedTests" name="Equals_WorksCorrectly" time="0.0000627" />
    <testcase classname="nSNMP.SMI.Tests.ObjectIdentifierTests" name="CanDecodeObjectIdentifierWithLargeSegment" time="0.0000820" />
    <testcase classname="nSNMP.SMI.Tests.ObjectIdentifierEnhancedTests" name="GetHashCode_ConsistentForEqualOIDs" time="0.0000982" />
    <testcase classname="nSNMP.SMI.Tests.ObjectIdentifierTests" name="CanDecodeObjectIdentifier" time="0.0000663" />
    <testcase classname="nSNMP.SMI.Tests.SequenceTests" name="CanSplitMessageData" time="0.0001146" />
    <testcase classname="nSNMP.SMI.Tests.ObjectIdentifierEnhancedTests" name="IsPrefixOf_Works" time="0.0001079" />
    <testcase classname="nSNMP.SMI.Tests.SequenceTests" name="CanSplitSequenceData" time="0.0001373" />
    <testcase classname="nSNMP.SMI.Tests.ObjectIdentifierEnhancedTests" name="CompareTo_LexicographicOrdering_Works" time="0.0000663" />
    <testcase classname="nSNMP.SMI.Tests.ObjectIdentifierEnhancedTests" name="GetNext_GeneratesCorrectNextOID" time="0.0000701" />
    <testcase classname="nSNMP.SMI.Tests.OctetStringTests" name="CanReadPublicString" time="0.0000595" />
    <testcase classname="nSNMP.SMI.Tests.ObjectIdentifierEnhancedTests" name="EqualityOperators_Work" time="0.0000531" />
    <testcase classname="nSNMP.SMI.Tests.ObjectIdentifierEnhancedTests" name="Append_AddsSubIdentifier" time="0.0000703" />
    <testcase classname="nSNMP.SMI.Tests.ObjectIdentifierEnhancedTests" name="GetParent_ReturnsNull_ForRootLevel" time="0.0000813" />
    <testcase classname="nSNMP.SMI.Tests.ObjectIdentifierEnhancedTests" name="CreateCached_CachesFrequentOIDs" time="0.0001509" />
    <testcase classname="nSNMP.SMI.Tests.ObjectIdentifierEnhancedTests" name="Performance_OID_Operations_AreEfficient" time="0.0000604" />
    <testcase classname="nSNMP.SMI.Tests.ObjectIdentifierEnhancedTests" name="StartsWith_Works" time="0.0000440" />
    <testcase classname="nSNMP.SMI.Tests.BERParserValidationTests" name="ParseDataField_ThrowsOnNegativeLength" time="0.0008154" />
    <testcase classname="nSNMP.SMI.Tests.BERParserValidationTests" name="ParseDataField_ThrowsOnShortRead" time="0.0002278" />
    <testcase classname="nSNMP.SMI.Tests.ObjectIdentifierEnhancedTests" name="SNMP_Walk_Simulation_Works" time="0.0005736" />
    <testcase classname="nSNMP.SMI.Tests.ObjectIdentifierEnhancedTests" name="GetParent_Works" time="0.0000477" />
    <testcase classname="nSNMP.SMI.Tests.BERParserValidationTests" name="ParseLengthOfNextDataField_ThrowsOnIncompleteMultiByteLength" time="0.0002951" />
    <testcase classname="nSNMP.SMI.Tests.BERParserValidationTests" name="ParseLengthOfNextDataField_ThrowsOnEmptyMemory" time="0.0000729" />
    <testcase classname="nSNMP.SMI.Tests.BERParserValidationTests" name="ParseLengthOfNextDataField_HandlesShortForm" time="0.0000326" />
    <testcase classname="nSNMP.SMI.Tests.BERParserValidationTests" name="ParseLengthOfNextDataField_HandlesLongForm" time="0.0000278" />
    <testcase classname="nSNMP.SMI.Tests.BERParserValidationTests" name="ParseType_ThrowsOnEmptyMemory" time="0.0000696" />
    <testcase classname="nSNMP.SMI.Tests.NewDataTypesTests" name="Opaque_Empty_RoundTrip_Works" time="0.0182416" />
    <testcase classname="nSNMP.SMI.Tests.BERSerializationTests" name="ObjectIdentifier_RoundTrip_Works" time="0.0082459" />
    <testcase classname="nSNMP.SMI.Tests.BERSerializationTests" name="Sequence_WithElements_RoundTrip_Works" time="0.0001569" />
    <testcase classname="nSNMP.SMI.Tests.BERSerializationTests" name="GetResponse_RoundTrip_Works" time="0.0001067" />
    <testcase classname="nSNMP.SMI.Tests.BERSerializationTests" name="OctetString_RoundTrip_Works" time="0.0000301" />
    <testcase classname="nSNMP.SMI.Tests.BERSerializationTests" name="Sequence_Empty_RoundTrip_Works" time="0.0000464" />
    <testcase classname="nSNMP.SMI.Tests.NewDataTypesTests" name="Opaque_ToString_ShowsHex" time="0.0008193" />
    <testcase classname="nSNMP.SMI.Tests.BERSerializationTests" name="GetRequest_RoundTrip_Works" time="0.0001550" />
    <testcase classname="nSNMP.SMI.Tests.NewDataTypesTests" name="Counter32_RoundTrip_Works" time="0.0002633" />
    <testcase classname="nSNMP.SMI.Tests.BERParserValidationTests" name="ParseDataField_ReadsExactLength" time="0.0045767" />
    <testcase classname="nSNMP.SMI.Tests.BERParserValidationTests" name="ParseDataField_ReturnsEmptyArrayForZeroLength" time="0.0001132" />
    <testcase classname="nSNMP.SMI.Tests.NewDataTypesTests" name="Counter64_RoundTrip_Works" time="0.0060828" />
    <testcase classname="nSNMP.SMI.Tests.NewDataTypesTests" name="Counter32_Zero_RoundTrip_Works" time="0.0000440" />
    <testcase classname="nSNMP.SMI.Tests.BERSerializationTests" name="SnmpMessage_RoundTrip_Works" time="0.0064856" />
    <testcase classname="nSNMP.SMI.Tests.NewDataTypesTests" name="IpAddress_RoundTrip_Works" time="0.0003434" />
    <testcase classname="nSNMP.SMI.Tests.NewDataTypesTests" name="TimeTicks_RoundTrip_Works" time="0.0000397" />
    <testcase classname="nSNMP.SMI.Tests.NewPDUTests" name="AllNewPDUs_HaveCorrectTags" time="0.0077559" />
    <testcase classname="nSNMP.SMI.Tests.NewDataTypesTests" name="Gauge32_RoundTrip_Works" time="0.0003097" />
    <testcase classname="nSNMP.SMI.Tests.NewPDUTests" name="InformRequest_RoundTrip_Works" time="0.0001738" />
    <testcase classname="nSNMP.SMI.Tests.NewDataTypesTests" name="IpAddress_FromBytes_Works" time="0.0000738" />
    <testcase classname="nSNMP.SMI.Tests.NewPDUTests" name="TrapV1_DefaultValues_Work" time="0.0001678" />
    <testcase classname="nSNMP.SMI.Tests.NewPDUTests" name="TrapV2_RoundTrip_Works" time="0.0001628" />
    <testcase classname="nSNMP.SMI.Tests.NewPDUTests" name="GetNextRequest_RoundTrip_Works" time="0.0001316" />
    <testcase classname="nSNMP.SMI.Tests.NewPDUTests" name="GetBulkRequest_RoundTrip_Works" time="0.0002671" />
    <testcase classname="nSNMP.SMI.Tests.NewDataTypesTests" name="TimeTicks_ToString_Formats_Correctly" time="0.0008756" />
    <testcase classname="nSNMP.SMI.Tests.NewPDUTests" name="TrapV1_RoundTrip_Works" time="0.0001606" />
    <testcase classname="nSNMP.SMI.Tests.NewDataTypesTests" name="Counter32_MaxValue_Works" time="0.0000261" />
    <testcase classname="nSNMP.SMI.Tests.NewDataTypesTests" name="ImplicitConversions_Work" time="0.0001496" />
    <testcase classname="nSNMP.SMI.Tests.NewDataTypesTests" name="IpAddress_FromString_Works" time="0.0000304" />
    <testcase classname="nSNMP.SMI.Tests.NewPDUTests" name="Report_RoundTrip_Works" time="0.0001320" />
    <testcase classname="nSNMP.SMI.Tests.NewPDUTests" name="GetBulkRequest_ConvenienceProperties_Work" time="0.0000964" />
    <testcase classname="nSNMP.SMI.Tests.NewDataTypesTests" name="TimeTicks_FromTimeSpan_Works" time="0.0002146" />
    <testcase classname="nSNMP.SMI.Tests.NewDataTypesTests" name="Opaque_RoundTrip_Works" time="0.0000381" />
    <testcase classname="nSNMP.SMI.Tests.OctetStringTests" name="CantReadNonAsciiCharacters" time="0.0142823" />
    <testcase classname="nSNMP.SMI.Tests.OctetStringTests" name="CanCreateOctetStringFromString" time="0.0000279" />
    <system-out>
Test Framework Informational Messages:
[xUnit.net 00:00:00.00] xUnit.net VSTest Adapter v2.8.2+699d445a1a (64-bit .NET 9.0.9)
[xUnit.net 00:00:00.20]   Discovering: nSNMP.SMI.Tests
[xUnit.net 00:00:00.25]   Discovered:  nSNMP.SMI.Tests
[xUnit.net 00:00:00.25]   Starting:    nSNMP.SMI.Tests
[xUnit.net 00:00:00.53]   Finished:    nSNMP.SMI.Tests
</system-out>
    <system-err></system-err>
  </testsuite>
</testsuites>