<testsuites>
  <testsuite name="nSNMP.SMI.Tests.dll" tests="93" skipped="0" failures="0" errors="0" time="0.175576" timestamp="2025-09-27T19:55:09" hostname="tigger" id="0" package="nSNMP.SMI.Tests.dll">
    <properties />
    <testcase classname="nSNMP.SMI.Tests.ObjectIdentifierEnhancedTests" name="LexicographicSorting_WorksAsExpected" time="0.0082672" />
    <testcase classname="nSNMP.SMI.Tests.ObjectIdentifierEnhancedTests" name="ComparisonOperators_Work" time="0.0002270" />
    <testcase classname="nSNMP.SMI.Tests.ObjectIdentifierEnhancedTests" name="Equals_WorksCorrectly" time="0.0000642" />
    <testcase classname="nSNMP.SMI.Tests.ObjectIdentifierEnhancedTests" name="GetHashCode_ConsistentForEqualOIDs" time="0.0000991" />
    <testcase classname="nSNMP.SMI.Tests.ObjectIdentifierEnhancedTests" name="IsPrefixOf_Works" time="0.0001037" />
    <testcase classname="nSNMP.SMI.Tests.ObjectIdentifierEnhancedTests" name="CompareTo_LexicographicOrdering_Works" time="0.0000588" />
    <testcase classname="nSNMP.SMI.Tests.SetRequestTests" name="SetRequestCreate_ReturnsCorrectInstance" time="0.0135011" />
    <testcase classname="nSNMP.SMI.Tests.ObjectIdentifierEnhancedTests" name="GetNext_GeneratesCorrectNextOID" time="0.0000715" />
    <testcase classname="nSNMP.SMI.Tests.BERParserValidationTests" name="ParseDataField_ThrowsOnNegativeLength" time="0.0085104" />
    <testcase classname="nSNMP.SMI.Tests.SetRequestTests" name="CanCreateSetRequest" time="0.0003757" />
    <testcase classname="nSNMP.SMI.Tests.SetRequestTests" name="CanParseSetRequestPDU" time="0.0000999" />
    <testcase classname="nSNMP.SMI.Tests.BERParserValidationTests" name="ParseDataField_ThrowsOnShortRead" time="0.0010516" />
    <testcase classname="nSNMP.SMI.Tests.ObjectIdentifierEnhancedTests" name="EqualityOperators_Work" time="0.0012769" />
    <testcase classname="nSNMP.SMI.Tests.ObjectIdentifierEnhancedTests" name="Append_AddsSubIdentifier" time="0.0001007" />
    <testcase classname="nSNMP.SMI.Tests.ObjectIdentifierEnhancedTests" name="GetParent_ReturnsNull_ForRootLevel" time="0.0001990" />
    <testcase classname="nSNMP.SMI.Tests.BERParserValidationTests" name="ParseLengthOfNextDataField_ThrowsOnIncompleteMultiByteLength" time="0.0003809" />
    <testcase classname="nSNMP.SMI.Tests.ObjectIdentifierEnhancedTests" name="CreateCached_CachesFrequentOIDs" time="0.0001880" />
    <testcase classname="nSNMP.SMI.Tests.ObjectIdentifierEnhancedTests" name="Performance_OID_Operations_AreEfficient" time="0.0000701" />
    <testcase classname="nSNMP.SMI.Tests.ObjectIdentifierEnhancedTests" name="StartsWith_Works" time="0.0000487" />
    <testcase classname="nSNMP.SMI.Tests.ObjectIdentifierEnhancedTests" name="SNMP_Walk_Simulation_Works" time="0.0005802" />
    <testcase classname="nSNMP.SMI.Tests.BERParserValidationTests" name="ParseLengthOfNextDataField_ThrowsOnEmptyMemory" time="0.0007713" />
    <testcase classname="nSNMP.SMI.Tests.ObjectIdentifierEnhancedTests" name="GetParent_Works" time="0.0000468" />
    <testcase classname="nSNMP.SMI.Tests.BERParserValidationTests" name="ParseLengthOfNextDataField_HandlesShortForm" time="0.0000378" />
    <testcase classname="nSNMP.SMI.Tests.ObjectIdentifierTests" name="CanDecodeObjectIdentifierWithMaxValueSegment" time="0.0100934" />
    <testcase classname="nSNMP.SMI.Tests.SequenceTests" name="CanSplitMessageData" time="0.0101269" />
    <testcase classname="nSNMP.SMI.Tests.NewDataTypesTests" name="Opaque_Empty_RoundTrip_Works" time="0.0164177" />
    <testcase classname="nSNMP.SMI.Tests.ObjectIdentifierTests" name="CanDecodeObjectIdentifierWithLargeSegment" time="0.0000385" />
    <testcase classname="nSNMP.SMI.Tests.ObjectIdentifierTests" name="CanDecodeObjectIdentifier" time="0.0000223" />
    <testcase classname="nSNMP.SMI.Tests.IntegerTests" name="CanParseZero" time="0.0000455" />
    <testcase classname="nSNMP.SMI.Tests.ObjectIdentifierValidationTests" name="CreateFromString_ThrowsOnNull" time="0.0001093" />
    <testcase classname="nSNMP.SMI.Tests.IntegerTests" name="CanParse1024" time="0.0000332" />
    <testcase classname="nSNMP.SMI.Tests.BERParserValidationTests" name="ParseLengthOfNextDataField_HandlesLongForm" time="0.0003363" />
    <testcase classname="nSNMP.SMI.Tests.IntegerTests" name="CanCreateIntegerFromLargeInt" time="0.0000366" />
    <testcase classname="nSNMP.SMI.Tests.IntegerTests" name="CanParseNegativeEight" time="0.0000385" />
    <testcase classname="nSNMP.SMI.Tests.IntegerTests" name="CanCreateIntegerFromNegativeInt" time="0.0000219" />
    <testcase classname="nSNMP.SMI.Tests.IntegerTests" name="CanParseNegativeTwo" time="0.0000275" />
    <testcase classname="nSNMP.SMI.Tests.IntegerTests" name="CanCreateIntegerFromInt" time="0.0000199" />
    <testcase classname="nSNMP.SMI.Tests.IntegerTests" name="CanParseSixteen" time="0.0000281" />
    <testcase classname="nSNMP.SMI.Tests.BERSerializationTests" name="Integer_RoundTrip_Works" time="0.0108111" />
    <testcase classname="nSNMP.SMI.Tests.NewDataTypesTests" name="Opaque_ToString_ShowsHex" time="0.0006085" />
    <testcase classname="nSNMP.SMI.Tests.BERSerializationTests" name="Null_RoundTrip_Works" time="0.0000853" />
    <testcase classname="nSNMP.SMI.Tests.SequenceTests" name="CanSplitSequenceData" time="0.0007643" />
    <testcase classname="nSNMP.SMI.Tests.ObjectIdentifierValidationTests" name="Create_ThrowsOnSingleElementArray" time="0.0006537" />
    <testcase classname="nSNMP.SMI.Tests.BERParserValidationTests" name="ParseType_ThrowsOnEmptyMemory" time="0.0005597" />
    <testcase classname="nSNMP.SMI.Tests.OctetStringTests" name="CanReadPublicString" time="0.0003658" />
    <testcase classname="nSNMP.SMI.Tests.BERParserValidationTests" name="ParseDataField_ReadsExactLength" time="0.0001367" />
    <testcase classname="nSNMP.SMI.Tests.BERParserValidationTests" name="ParseDataField_ReturnsEmptyArrayForZeroLength" time="0.0001154" />
    <testcase classname="nSNMP.SMI.Tests.BERParserTests" name="CanParseLongFormLength" time="0.0004635" />
    <testcase classname="nSNMP.SMI.Tests.BERParserTests" name="CanParseShortFormLength" time="0.0001059" />
    <testcase classname="nSNMP.SMI.Tests.ObjectIdentifierValidationTests" name="Create_SucceedsWithMultipleElements" time="0.0001120" />
    <testcase classname="nSNMP.SMI.Tests.ObjectIdentifierValidationTests" name="CreateFromString_ParsesDottedNotation" time="0.0000984" />
    <testcase classname="nSNMP.SMI.Tests.ObjectIdentifierValidationTests" name="ToString_ReturnsCorrectDottedNotation" time="0.0000901" />
    <testcase classname="nSNMP.SMI.Tests.ObjectIdentifierValidationTests" name="Create_ThrowsOnNullArray" time="0.0001753" />
    <testcase classname="nSNMP.SMI.Tests.ObjectIdentifierValidationTests" name="Create_ThrowsOnEmptyArray" time="0.0001966" />
    <testcase classname="nSNMP.SMI.Tests.ObjectIdentifierValidationTests" name="CreateFromString_HandlesLeadingDot" time="0.0013823" />
    <testcase classname="nSNMP.SMI.Tests.BERParserTests" name="CanParseBerTypeInteger" time="0.0038012" />
    <testcase classname="nSNMP.SMI.Tests.BERParserTests" name="CanParseBerTypeOctetString" time="0.0001063" />
    <testcase classname="nSNMP.SMI.Tests.BERParserTests" name="CanParseBerTypeSequence" time="0.0000409" />
    <testcase classname="nSNMP.SMI.Tests.NewDataTypesTests" name="Counter32_RoundTrip_Works" time="0.0056570" />
    <testcase classname="nSNMP.SMI.Tests.ObjectIdentifierValidationTests" name="Create_SucceedsWithTwoElements" time="0.0038983" />
    <testcase classname="nSNMP.SMI.Tests.BERSerializationTests" name="SetRequest_RoundTrip_Works" time="0.0072131" />
    <testcase classname="nSNMP.SMI.Tests.BERSerializationTests" name="Integer_NegativeValue_RoundTrip_Works" time="0.0001060" />
    <testcase classname="nSNMP.SMI.Tests.BERSerializationTests" name="OctetString_EmptyString_RoundTrip_Works" time="0.0002766" />
    <testcase classname="nSNMP.SMI.Tests.BERSerializationTests" name="ObjectIdentifier_RoundTrip_Works" time="0.0001109" />
    <testcase classname="nSNMP.SMI.Tests.NewDataTypesTests" name="Counter64_RoundTrip_Works" time="0.0049397" />
    <testcase classname="nSNMP.SMI.Tests.NewDataTypesTests" name="Counter32_Zero_RoundTrip_Works" time="0.0000504" />
    <testcase classname="nSNMP.SMI.Tests.NewDataTypesTests" name="IpAddress_RoundTrip_Works" time="0.0001080" />
    <testcase classname="nSNMP.SMI.Tests.NewDataTypesTests" name="TimeTicks_RoundTrip_Works" time="0.0000404" />
    <testcase classname="nSNMP.SMI.Tests.NewDataTypesTests" name="Gauge32_RoundTrip_Works" time="0.0002073" />
    <testcase classname="nSNMP.SMI.Tests.NewDataTypesTests" name="IpAddress_FromBytes_Works" time="0.0000617" />
    <testcase classname="nSNMP.SMI.Tests.BERSerializationTests" name="Sequence_WithElements_RoundTrip_Works" time="0.0036105" />
    <testcase classname="nSNMP.SMI.Tests.NewDataTypesTests" name="TimeTicks_ToString_Formats_Correctly" time="0.0030385" />
    <testcase classname="nSNMP.SMI.Tests.NewDataTypesTests" name="Counter32_MaxValue_Works" time="0.0000482" />
    <testcase classname="nSNMP.SMI.Tests.NewDataTypesTests" name="ImplicitConversions_Work" time="0.0001953" />
    <testcase classname="nSNMP.SMI.Tests.NewDataTypesTests" name="IpAddress_FromString_Works" time="0.0000355" />
    <testcase classname="nSNMP.SMI.Tests.NewDataTypesTests" name="TimeTicks_FromTimeSpan_Works" time="0.0001813" />
    <testcase classname="nSNMP.SMI.Tests.NewDataTypesTests" name="Opaque_RoundTrip_Works" time="0.0000562" />
    <testcase classname="nSNMP.SMI.Tests.OctetStringTests" name="CantReadNonAsciiCharacters" time="0.0148358" />
    <testcase classname="nSNMP.SMI.Tests.OctetStringTests" name="CanCreateOctetStringFromString" time="0.0000237" />
    <testcase classname="nSNMP.SMI.Tests.BERSerializationTests" name="GetResponse_RoundTrip_Works" time="0.0056724" />
    <testcase classname="nSNMP.SMI.Tests.BERSerializationTests" name="OctetString_RoundTrip_Works" time="0.0001327" />
    <testcase classname="nSNMP.SMI.Tests.BERSerializationTests" name="Sequence_Empty_RoundTrip_Works" time="0.0000792" />
    <testcase classname="nSNMP.SMI.Tests.BERSerializationTests" name="GetRequest_RoundTrip_Works" time="0.0003033" />
    <testcase classname="nSNMP.SMI.Tests.NewPDUTests" name="AllNewPDUs_HaveCorrectTags" time="0.0185202" />
    <testcase classname="nSNMP.SMI.Tests.NewPDUTests" name="InformRequest_RoundTrip_Works" time="0.0004444" />
    <testcase classname="nSNMP.SMI.Tests.NewPDUTests" name="TrapV1_DefaultValues_Work" time="0.0005025" />
    <testcase classname="nSNMP.SMI.Tests.NewPDUTests" name="TrapV2_RoundTrip_Works" time="0.0001802" />
    <testcase classname="nSNMP.SMI.Tests.NewPDUTests" name="GetNextRequest_RoundTrip_Works" time="0.0002022" />
    <testcase classname="nSNMP.SMI.Tests.NewPDUTests" name="GetBulkRequest_RoundTrip_Works" time="0.0001722" />
    <testcase classname="nSNMP.SMI.Tests.NewPDUTests" name="TrapV1_RoundTrip_Works" time="0.0001856" />
    <testcase classname="nSNMP.SMI.Tests.NewPDUTests" name="Report_RoundTrip_Works" time="0.0001342" />
    <testcase classname="nSNMP.SMI.Tests.NewPDUTests" name="GetBulkRequest_ConvenienceProperties_Work" time="0.0000961" />
    <testcase classname="nSNMP.SMI.Tests.BERSerializationTests" name="SnmpMessage_RoundTrip_Works" time="0.0100572" />
    <system-out>
Test Framework Informational Messages:
[xUnit.net 00:00:00.00] xUnit.net VSTest Adapter v2.8.2+699d445a1a (64-bit .NET 9.0.9)
[xUnit.net 00:00:00.05]   Discovering: nSNMP.SMI.Tests
[xUnit.net 00:00:00.08]   Discovered:  nSNMP.SMI.Tests
[xUnit.net 00:00:00.08]   Starting:    nSNMP.SMI.Tests
[xUnit.net 00:00:00.20]   Finished:    nSNMP.SMI.Tests
</system-out>
    <system-err></system-err>
  </testsuite>
</testsuites>